[0110/002610.064:ERROR:directory_reader_win.cc(43)] FindFirstFile: The system cannot find the path specified. (0x3)
[1029/081550.670:ERROR:directory_reader_win.cc(43)] FindFirstFile: The system cannot find the path specified. (0x3)
<<<<<<< HEAD
[1031/084451.636:ERROR:directory_reader_win.cc(43)] FindFirstFile: The system cannot find the path specified. (0x3)
[1102/015253.996:ERROR:directory_reader_win.cc(43)] FindFirstFile: The system cannot find the path specified. (0x3)
[1110/094901.994:ERROR:directory_reader_win.cc(43)] FindFirstFile: The system cannot find the path specified. (0x3)
[1111/124915.983:ERROR:directory_reader_win.cc(43)] FindFirstFile: The system cannot find the path specified. (0x3)
[1112/072834.224:ERROR:directory_reader_win.cc(43)] FindFirstFile: The system cannot find the path specified. (0x3)
[1112/162423.800:ERROR:process_memory_win.cc(73)] ReadMemory at 0x7ff70ad70000 of 64 bytes failed: Only part of a ReadProcessMemory or WriteProcessMemory request was completed. (0x12B)
[1112/162426.676:WARNING:pe_image_reader.cc(340)] could not read dos header from C:\Program Files (x86)\Google\Chrome\Application\chrome.exe
[1112/162426.676:ERROR:process_memory_win.cc(73)] ReadMemory at 0x7ffa761a0000 of 64 bytes failed: Only part of a ReadProcessMemory or WriteProcessMemory request was completed. (0x12B)
[1112/162426.678:WARNING:pe_image_reader.cc(340)] could not read dos header from C:\WINDOWS\SYSTEM32\ntdll.dll
[1112/162426.678:ERROR:process_memory_win.cc(73)] ReadMemory at 0x7ffa74e60000 of 64 bytes failed: Only part of a ReadProcessMemory or WriteProcessMemory request was completed. (0x12B)
[1112/162426.679:WARNING:pe_image_reader.cc(340)] could not read dos header from C:\WINDOWS\System32\KERNEL32.dll
[1112/162426.679:ERROR:process_memory_win.cc(73)] ReadMemory at 0x7ffa73a10000 of 64 bytes failed: Only part of a ReadProcessMemory or WriteProcessMemory request was completed. (0x12B)
[1112/162426.679:WARNING:pe_image_reader.cc(340)] could not read dos header from C:\WINDOWS\System32\KERNELBASE.dll
[1112/162426.679:ERROR:process_memory_win.cc(73)] ReadMemory at 0x7ffa3d290000 of 64 bytes failed: Only part of a ReadProcessMemory or WriteProcessMemory request was completed. (0x12B)
[1112/162426.679:WARNING:pe_image_reader.cc(340)] could not read dos header from C:\Program Files (x86)\Google\Chrome\Application\86.0.4240.193\chrome_elf.dll
[1112/162426.679:ERROR:process_memory_win.cc(73)] ReadMemory at 0x7ffa647c0000 of 64 bytes failed: Only part of a ReadProcessMemory or WriteProcessMemory request was completed. (0x12B)
[1112/162426.679:WARNING:pe_image_reader.cc(340)] could not read dos header from C:\WINDOWS\SYSTEM32\VERSION.dll
[1112/162426.679:ERROR:process_memory_win.cc(73)] ReadMemory at 0x7ffa74b60000 of 64 bytes failed: Only part of a ReadProcessMemory or WriteProcessMemory request was completed. (0x12B)
[1112/162426.679:WARNING:pe_image_reader.cc(340)] could not read dos header from C:\WINDOWS\System32\msvcrt.dll
[1112/162426.679:ERROR:process_memory_win.cc(73)] ReadMemory at 0x7ffa73210000 of 64 bytes failed: Only part of a ReadProcessMemory or WriteProcessMemory request was completed. (0x12B)
[1112/162426.680:WARNING:pe_image_reader.cc(340)] could not read dos header from C:\WINDOWS\System32\bcryptPrimitives.dll
[1112/162426.680:ERROR:process_memory_win.cc(73)] ReadMemory at 0x7ffa75420000 of 64 bytes failed: Only part of a ReadProcessMemory or WriteProcessMemory request was completed. (0x12B)
[1112/162426.680:WARNING:pe_image_reader.cc(340)] could not read dos header from C:\WINDOWS\System32\ADVAPI32.dll
[1112/162426.680:ERROR:process_memory_win.cc(73)] ReadMemory at 0x7ffa754e0000 of 64 bytes failed: Only part of a ReadProcessMemory or WriteProcessMemory request was completed. (0x12B)
[1112/162426.680:WARNING:pe_image_reader.cc(340)] could not read dos header from C:\WINDOWS\System32\sechost.dll
[1112/162426.680:ERROR:process_memory_win.cc(73)] ReadMemory at 0x7ffa74cd0000 of 64 bytes failed: Only part of a ReadProcessMemory or WriteProcessMemory request was completed. (0x12B)
[1112/162426.680:WARNING:pe_image_reader.cc(340)] could not read dos header from C:\WINDOWS\System32\RPCRT4.dll
[1112/162428.195:ERROR:process_memory_win.cc(73)] ReadMemory at 0x7ffa1ddc0000 of 64 bytes failed: Only part of a ReadProcessMemory or WriteProcessMemory request was completed. (0x12B)
[1112/162428.195:WARNING:pe_image_reader.cc(340)] could not read dos header from C:\Program Files (x86)\Google\Chrome\Application\86.0.4240.193\chrome.dll
[1112/162428.196:ERROR:process_memory_win.cc(73)] ReadMemory at 0x7ffa74af0000 of 64 bytes failed: Only part of a ReadProcessMemory or WriteProcessMemory request was completed. (0x12B)
[1112/162428.196:WARNING:pe_image_reader.cc(340)] could not read dos header from C:\WINDOWS\System32\WS2_32.dll
[1112/162428.196:ERROR:process_memory_win.cc(73)] ReadMemory at 0x7ffa74400000 of 64 bytes failed: Only part of a ReadProcessMemory or WriteProcessMemory request was completed. (0x12B)
[1112/162428.196:WARNING:pe_image_reader.cc(340)] could not read dos header from C:\WINDOWS\System32\OLEAUT32.dll
[1112/162428.196:ERROR:process_memory_win.cc(73)] ReadMemory at 0x7ffa74260000 of 64 bytes failed: Only part of a ReadProcessMemory or WriteProcessMemory request was completed. (0x12B)
[1112/162428.196:WARNING:pe_image_reader.cc(340)] could not read dos header from C:\WINDOWS\System32\msvcp_win.dll
[1112/162428.196:ERROR:process_memory_win.cc(73)] ReadMemory at 0x7ffa73cc0000 of 64 bytes failed: Only part of a ReadProcessMemory or WriteProcessMemory request was completed. (0x12B)
[1112/162428.197:WARNING:pe_image_reader.cc(340)] could not read dos header from C:\WINDOWS\System32\ucrtbase.dll
[1112/162428.197:ERROR:process_memory_win.cc(73)] ReadMemory at 0x7ffa750e0000 of 64 bytes failed: Only part of a ReadProcessMemory or WriteProcessMemory request was completed. (0x12B)
[1112/162428.197:WARNING:pe_image_reader.cc(340)] could not read dos header from C:\WINDOWS\System32\combase.dll
[1112/162428.197:ERROR:process_memory_win.cc(73)] ReadMemory at 0x7ffa74080000 of 64 bytes failed: Only part of a ReadProcessMemory or WriteProcessMemory request was completed. (0x12B)
[1112/162428.197:WARNING:pe_image_reader.cc(340)] could not read dos header from C:\WINDOWS\System32\WINTRUST.dll
[1112/162428.197:ERROR:process_memory_win.cc(73)] ReadMemory at 0x7ffa731a0000 of 64 bytes failed: Only part of a ReadProcessMemory or WriteProcessMemory request was completed. (0x12B)
[1112/162428.197:WARNING:pe_image_reader.cc(340)] could not read dos header from C:\WINDOWS\System32\MSASN1.dll
[1112/162428.197:ERROR:process_memory_win.cc(73)] ReadMemory at 0x7ffa74110000 of 64 bytes failed: Only part of a ReadProcessMemory or WriteProcessMemory request was completed. (0x12B)
[1112/162428.197:WARNING:pe_image_reader.cc(340)] could not read dos header from C:\WINDOWS\System32\CRYPT32.dll
[1112/162428.197:ERROR:process_memory_win.cc(73)] ReadMemory at 0x7ffa71cd0000 of 64 bytes failed: Only part of a ReadProcessMemory or WriteProcessMemory request was completed. (0x12B)
[1112/162428.198:WARNING:pe_image_reader.cc(340)] could not read dos header from C:\WINDOWS\SYSTEM32\dbghelp.dll
[1112/162428.198:ERROR:process_memory_win.cc(73)] ReadMemory at 0x7ffa72640000 of 64 bytes failed: Only part of a ReadProcessMemory or WriteProcessMemory request was completed. (0x12B)
[1112/162428.198:WARNING:pe_image_reader.cc(340)] could not read dos header from C:\WINDOWS\SYSTEM32\IPHLPAPI.DLL
[1112/162428.198:ERROR:process_memory_win.cc(73)] ReadMemory at 0x7ffa70090000 of 64 bytes failed: Only part of a ReadProcessMemory or WriteProcessMemory request was completed. (0x12B)
[1112/162428.198:WARNING:pe_image_reader.cc(340)] could not read dos header from C:\WINDOWS\SYSTEM32\WINMM.dll
[1112/162428.198:ERROR:process_memory_win.cc(73)] ReadMemory at 0x7ffa5a2c0000 of 64 bytes failed: Only part of a ReadProcessMemory or WriteProcessMemory request was completed. (0x12B)
[1112/162428.198:WARNING:pe_image_reader.cc(340)] could not read dos header from C:\WINDOWS\SYSTEM32\UIAutomationCore.DLL
[1112/162428.198:ERROR:process_memory_win.cc(73)] ReadMemory at 0x7ffa61cd0000 of 64 bytes failed: Only part of a ReadProcessMemory or WriteProcessMemory request was completed. (0x12B)
[1112/162428.198:WARNING:pe_image_reader.cc(340)] could not read dos header from C:\WINDOWS\SYSTEM32\Secur32.dll
[1112/162428.199:ERROR:process_memory_win.cc(73)] ReadMemory at 0x7ffa73060000 of 64 bytes failed: Only part of a ReadProcessMemory or WriteProcessMemory request was completed. (0x12B)
[1112/162428.199:WARNING:pe_image_reader.cc(340)] could not read dos header from C:\WINDOWS\SYSTEM32\USERENV.dll
[1112/162428.199:ERROR:process_memory_win.cc(73)] ReadMemory at 0x7ffa731e0000 of 64 bytes failed: Only part of a ReadProcessMemory or WriteProcessMemory request was completed. (0x12B)
[1112/162428.199:WARNING:pe_image_reader.cc(340)] could not read dos header from C:\WINDOWS\System32\profapi.dll
[1112/162428.199:ERROR:process_memory_win.cc(73)] ReadMemory at 0x7ffa6a3b0000 of 64 bytes failed: Only part of a ReadProcessMemory or WriteProcessMemory request was completed. (0x12B)
[1112/162428.199:WARNING:pe_image_reader.cc(340)] could not read dos header from C:\WINDOWS\SYSTEM32\DWrite.dll
[1112/162428.199:ERROR:process_memory_win.cc(73)] ReadMemory at 0x7ffa5dd40000 of 64 bytes failed: Only part of a ReadProcessMemory or WriteProcessMemory request was completed. (0x12B)
[1112/162428.199:WARNING:pe_image_reader.cc(340)] could not read dos header from C:\WINDOWS\SYSTEM32\WINSPOOL.DRV
[1112/162428.199:ERROR:process_memory_win.cc(73)] ReadMemory at 0x7ffa731c0000 of 64 bytes failed: Only part of a ReadProcessMemory or WriteProcessMemory request was completed. (0x12B)
[1112/162428.199:WARNING:pe_image_reader.cc(340)] could not read dos header from C:\WINDOWS\System32\kernel.appcore.dll
[1112/162428.200:ERROR:process_memory_win.cc(73)] ReadMemory at 0x7ffa74300000 of 64 bytes failed: Only part of a ReadProcessMemory or WriteProcessMemory request was completed. (0x12B)
[1112/162428.200:WARNING:pe_image_reader.cc(340)] could not read dos header from C:\WINDOWS\System32\bcrypt.dll
[1112/162428.200:ERROR:process_memory_win.cc(73)] ReadMemory at 0x7ffa6ccd0000 of 64 bytes failed: Only part of a ReadProcessMemory or WriteProcessMemory request was completed. (0x12B)
[1112/162428.200:WARNING:pe_image_reader.cc(340)] could not read dos header from C:\WINDOWS\SYSTEM32\WINHTTP.dll
[1112/162428.200:ERROR:process_memory_win.cc(73)] ReadMemory at 0x7ffa64f50000 of 64 bytes failed: Only part of a ReadProcessMemory or WriteProcessMemory request was completed. (0x12B)
[1112/162428.200:WARNING:pe_image_reader.cc(340)] could not read dos header from C:\WINDOWS\SYSTEM32\dhcpcsvc.DLL
[1112/162428.200:ERROR:process_memory_win.cc(73)] ReadMemory at 0x7ffa74df0000 of 64 bytes failed: Only part of a ReadProcessMemory or WriteProcessMemory request was completed. (0x12B)
[1112/162428.200:WARNING:pe_image_reader.cc(340)] could not read dos header from C:\WINDOWS\System32\NSI.dll
[1112/162428.200:ERROR:process_memory_win.cc(73)] ReadMemory at 0x7ffa70110000 of 64 bytes failed: Only part of a ReadProcessMemory or WriteProcessMemory request was completed. (0x12B)
[1112/162428.200:WARNING:pe_image_reader.cc(340)] could not read dos header from C:\WINDOWS\SYSTEM32\WINMMBASE.dll
[1112/162428.201:ERROR:process_memory_win.cc(73)] ReadMemory at 0x7ffa74030000 of 64 bytes failed: Only part of a ReadProcessMemory or WriteProcessMemory request was completed. (0x12B)
[1112/162428.201:WARNING:pe_image_reader.cc(340)] could not read dos header from C:\WINDOWS\System32\cfgmgr32.dll
[1112/162428.201:ERROR:process_memory_win.cc(73)] ReadMemory at 0x7ffa6fdb0000 of 64 bytes failed: Only part of a ReadProcessMemory or WriteProcessMemory request was completed. (0x12B)
[1112/162428.201:WARNING:pe_image_reader.cc(340)] could not read dos header from C:\WINDOWS\SYSTEM32\PROPSYS.dll
[1112/162428.201:ERROR:process_memory_win.cc(73)] ReadMemory at 0x7ffa75790000 of 64 bytes failed: Only part of a ReadProcessMemory or WriteProcessMemory request was completed. (0x12B)
[1112/162428.201:WARNING:pe_image_reader.cc(340)] could not read dos header from C:\WINDOWS\System32\shcore.dll
[1112/162428.201:ERROR:process_memory_win.cc(73)] ReadMemory at 0x7ffa73020000 of 64 bytes failed: Only part of a ReadProcessMemory or WriteProcessMemory request was completed. (0x12B)
[1112/162428.201:WARNING:pe_image_reader.cc(340)] could not read dos header from C:\WINDOWS\SYSTEM32\SSPICLI.DLL
[1112/162428.201:ERROR:process_memory_win.cc(73)] ReadMemory at 0x7ffa75580000 of 64 bytes failed: Only part of a ReadProcessMemory or WriteProcessMemory request was completed. (0x12B)
[1112/162428.201:WARNING:pe_image_reader.cc(340)] could not read dos header from C:\WINDOWS\System32\ole32.dll
[1112/162428.201:ERROR:process_memory_win.cc(73)] ReadMemory at 0x7ffa75840000 of 64 bytes failed: Only part of a ReadProcessMemory or WriteProcessMemory request was completed. (0x12B)
[1112/162428.202:WARNING:pe_image_reader.cc(340)] could not read dos header from C:\WINDOWS\System32\GDI32.dll
[1112/162428.202:ERROR:process_memory_win.cc(73)] ReadMemory at 0x7ffa740e0000 of 64 bytes failed: Only part of a ReadProcessMemory or WriteProcessMemory request was completed. (0x12B)
[1112/162428.202:WARNING:pe_image_reader.cc(340)] could not read dos header from C:\WINDOWS\System32\win32u.dll
[1112/162428.202:ERROR:process_memory_win.cc(73)] ReadMemory at 0x7ffa73e70000 of 64 bytes failed: Only part of a ReadProcessMemory or WriteProcessMemory request was completed. (0x12B)
[1112/162428.202:WARNING:pe_image_reader.cc(340)] could not read dos header from C:\WINDOWS\System32\gdi32full.dll
[1112/162428.202:ERROR:process_memory_win.cc(73)] ReadMemory at 0x7ffa74f40000 of 64 bytes failed: Only part of a ReadProcessMemory or WriteProcessMemory request was completed. (0x12B)
[1112/162428.202:WARNING:pe_image_reader.cc(340)] could not read dos header from C:\WINDOWS\System32\USER32.dll
[1112/162428.202:ERROR:process_memory_win.cc(73)] ReadMemory at 0x7ffa759b0000 of 64 bytes failed: Only part of a ReadProcessMemory or WriteProcessMemory request was completed. (0x12B)
[1112/162428.202:WARNING:pe_image_reader.cc(340)] could not read dos header from C:\WINDOWS\System32\IMM32.DLL
[1112/162428.205:ERROR:process_memory_win.cc(73)] ReadMemory at 0x7ffa72b00000 of 64 bytes failed: Only part of a ReadProcessMemory or WriteProcessMemory request was completed. (0x12B)
[1112/162428.205:WARNING:pe_image_reader.cc(340)] could not read dos header from C:\WINDOWS\SYSTEM32\CRYPTBASE.DLL
[1112/162428.981:ERROR:process_memory_win.cc(73)] ReadMemory at 0x7ff70ad70000 of 64 bytes failed: Only part of a ReadProcessMemory or WriteProcessMemory request was completed. (0x12B)
[1112/162428.981:WARNING:pe_image_reader.cc(340)] could not read dos header from C:\Program Files (x86)\Google\Chrome\Application\chrome.exe
[1112/162428.981:ERROR:process_memory_win.cc(73)] ReadMemory at 0x7ffa761a0000 of 64 bytes failed: Only part of a ReadProcessMemory or WriteProcessMemory request was completed. (0x12B)
[1112/162428.981:WARNING:pe_image_reader.cc(340)] could not read dos header from C:\WINDOWS\SYSTEM32\ntdll.dll
[1112/162428.981:ERROR:process_memory_win.cc(73)] ReadMemory at 0x7ffa74e60000 of 64 bytes failed: Only part of a ReadProcessMemory or WriteProcessMemory request was completed. (0x12B)
[1112/162428.981:WARNING:pe_image_reader.cc(340)] could not read dos header from C:\WINDOWS\System32\KERNEL32.dll
[1112/162428.982:ERROR:process_memory_win.cc(73)] ReadMemory at 0x7ffa73a10000 of 64 bytes failed: Only part of a ReadProcessMemory or WriteProcessMemory request was completed. (0x12B)
[1112/162428.982:WARNING:pe_image_reader.cc(340)] could not read dos header from C:\WINDOWS\System32\KERNELBASE.dll
[1112/162428.982:ERROR:process_memory_win.cc(73)] ReadMemory at 0x7ffa3d290000 of 64 bytes failed: Only part of a ReadProcessMemory or WriteProcessMemory request was completed. (0x12B)
[1112/162428.982:WARNING:pe_image_reader.cc(340)] could not read dos header from C:\Program Files (x86)\Google\Chrome\Application\86.0.4240.193\chrome_elf.dll
[1112/162428.982:ERROR:process_memory_win.cc(73)] ReadMemory at 0x7ffa647c0000 of 64 bytes failed: Only part of a ReadProcessMemory or WriteProcessMemory request was completed. (0x12B)
[1112/162428.982:WARNING:pe_image_reader.cc(340)] could not read dos header from C:\WINDOWS\SYSTEM32\VERSION.dll
[1112/162428.982:ERROR:process_memory_win.cc(73)] ReadMemory at 0x7ffa74b60000 of 64 bytes failed: Only part of a ReadProcessMemory or WriteProcessMemory request was completed. (0x12B)
[1112/162428.982:WARNING:pe_image_reader.cc(340)] could not read dos header from C:\WINDOWS\System32\msvcrt.dll
[1112/162428.983:ERROR:process_memory_win.cc(73)] ReadMemory at 0x7ffa73210000 of 64 bytes failed: Only part of a ReadProcessMemory or WriteProcessMemory request was completed. (0x12B)
[1112/162428.983:WARNING:pe_image_reader.cc(340)] could not read dos header from C:\WINDOWS\System32\bcryptPrimitives.dll
[1112/162428.983:ERROR:process_memory_win.cc(73)] ReadMemory at 0x7ffa75420000 of 64 bytes failed: Only part of a ReadProcessMemory or WriteProcessMemory request was completed. (0x12B)
[1112/162428.983:WARNING:pe_image_reader.cc(340)] could not read dos header from C:\WINDOWS\System32\ADVAPI32.dll
[1112/162428.983:ERROR:process_memory_win.cc(73)] ReadMemory at 0x7ffa754e0000 of 64 bytes failed: Only part of a ReadProcessMemory or WriteProcessMemory request was completed. (0x12B)
[1112/162428.983:WARNING:pe_image_reader.cc(340)] could not read dos header from C:\WINDOWS\System32\sechost.dll
[1112/162428.983:ERROR:process_memory_win.cc(73)] ReadMemory at 0x7ffa74cd0000 of 64 bytes failed: Only part of a ReadProcessMemory or WriteProcessMemory request was completed. (0x12B)
[1112/162428.983:WARNING:pe_image_reader.cc(340)] could not read dos header from C:\WINDOWS\System32\RPCRT4.dll
[1112/162428.983:ERROR:process_memory_win.cc(73)] ReadMemory at 0x7ffa1ddc0000 of 64 bytes failed: Only part of a ReadProcessMemory or WriteProcessMemory request was completed. (0x12B)
[1112/162428.983:WARNING:pe_image_reader.cc(340)] could not read dos header from C:\Program Files (x86)\Google\Chrome\Application\86.0.4240.193\chrome.dll
[1112/162428.983:ERROR:process_memory_win.cc(73)] ReadMemory at 0x7ffa74af0000 of 64 bytes failed: Only part of a ReadProcessMemory or WriteProcessMemory request was completed. (0x12B)
[1112/162428.984:WARNING:pe_image_reader.cc(340)] could not read dos header from C:\WINDOWS\System32\WS2_32.dll
[1112/162428.984:ERROR:process_memory_win.cc(73)] ReadMemory at 0x7ffa74400000 of 64 bytes failed: Only part of a ReadProcessMemory or WriteProcessMemory request was completed. (0x12B)
[1112/162428.984:WARNING:pe_image_reader.cc(340)] could not read dos header from C:\WINDOWS\System32\OLEAUT32.dll
[1112/162428.984:ERROR:process_memory_win.cc(73)] ReadMemory at 0x7ffa74260000 of 64 bytes failed: Only part of a ReadProcessMemory or WriteProcessMemory request was completed. (0x12B)
[1112/162428.984:WARNING:pe_image_reader.cc(340)] could not read dos header from C:\WINDOWS\System32\msvcp_win.dll
[1112/162428.984:ERROR:process_memory_win.cc(73)] ReadMemory at 0x7ffa73cc0000 of 64 bytes failed: Only part of a ReadProcessMemory or WriteProcessMemory request was completed. (0x12B)
[1112/162428.984:WARNING:pe_image_reader.cc(340)] could not read dos header from C:\WINDOWS\System32\ucrtbase.dll
[1112/162428.984:ERROR:process_memory_win.cc(73)] ReadMemory at 0x7ffa750e0000 of 64 bytes failed: Only part of a ReadProcessMemory or WriteProcessMemory request was completed. (0x12B)
[1112/162428.984:WARNING:pe_image_reader.cc(340)] could not read dos header from C:\WINDOWS\System32\combase.dll
[1112/162428.984:ERROR:process_memory_win.cc(73)] ReadMemory at 0x7ffa74080000 of 64 bytes failed: Only part of a ReadProcessMemory or WriteProcessMemory request was completed. (0x12B)
[1112/162428.984:WARNING:pe_image_reader.cc(340)] could not read dos header from C:\WINDOWS\System32\WINTRUST.dll
[1112/162428.985:ERROR:process_memory_win.cc(73)] ReadMemory at 0x7ffa731a0000 of 64 bytes failed: Only part of a ReadProcessMemory or WriteProcessMemory request was completed. (0x12B)
[1112/162428.985:WARNING:pe_image_reader.cc(340)] could not read dos header from C:\WINDOWS\System32\MSASN1.dll
[1112/162428.985:ERROR:process_memory_win.cc(73)] ReadMemory at 0x7ffa74110000 of 64 bytes failed: Only part of a ReadProcessMemory or WriteProcessMemory request was completed. (0x12B)
[1112/162428.985:WARNING:pe_image_reader.cc(340)] could not read dos header from C:\WINDOWS\System32\CRYPT32.dll
[1112/162428.985:ERROR:process_memory_win.cc(73)] ReadMemory at 0x7ffa71cd0000 of 64 bytes failed: Only part of a ReadProcessMemory or WriteProcessMemory request was completed. (0x12B)
[1112/162428.985:WARNING:pe_image_reader.cc(340)] could not read dos header from C:\WINDOWS\SYSTEM32\dbghelp.dll
[1112/162428.985:ERROR:process_memory_win.cc(73)] ReadMemory at 0x7ffa72640000 of 64 bytes failed: Only part of a ReadProcessMemory or WriteProcessMemory request was completed. (0x12B)
[1112/162428.985:WARNING:pe_image_reader.cc(340)] could not read dos header from C:\WINDOWS\SYSTEM32\IPHLPAPI.DLL
[1112/162428.985:ERROR:process_memory_win.cc(73)] ReadMemory at 0x7ffa70090000 of 64 bytes failed: Only part of a ReadProcessMemory or WriteProcessMemory request was completed. (0x12B)
[1112/162428.985:WARNING:pe_image_reader.cc(340)] could not read dos header from C:\WINDOWS\SYSTEM32\WINMM.dll
[1112/162428.986:ERROR:process_memory_win.cc(73)] ReadMemory at 0x7ffa5a2c0000 of 64 bytes failed: Only part of a ReadProcessMemory or WriteProcessMemory request was completed. (0x12B)
[1112/162428.986:WARNING:pe_image_reader.cc(340)] could not read dos header from C:\WINDOWS\SYSTEM32\UIAutomationCore.DLL
[1112/162428.986:ERROR:process_memory_win.cc(73)] ReadMemory at 0x7ffa61cd0000 of 64 bytes failed: Only part of a ReadProcessMemory or WriteProcessMemory request was completed. (0x12B)
[1112/162428.986:WARNING:pe_image_reader.cc(340)] could not read dos header from C:\WINDOWS\SYSTEM32\Secur32.dll
[1112/162428.986:ERROR:process_memory_win.cc(73)] ReadMemory at 0x7ffa73060000 of 64 bytes failed: Only part of a ReadProcessMemory or WriteProcessMemory request was completed. (0x12B)
[1112/162428.986:WARNING:pe_image_reader.cc(340)] could not read dos header from C:\WINDOWS\SYSTEM32\USERENV.dll
[1112/162428.989:ERROR:process_memory_win.cc(73)] ReadMemory at 0x7ffa731e0000 of 64 bytes failed: Only part of a ReadProcessMemory or WriteProcessMemory request was completed. (0x12B)
[1112/162428.989:WARNING:pe_image_reader.cc(340)] could not read dos header from C:\WINDOWS\System32\profapi.dll
[1112/162428.989:ERROR:process_memory_win.cc(73)] ReadMemory at 0x7ffa6a3b0000 of 64 bytes failed: Only part of a ReadProcessMemory or WriteProcessMemory request was completed. (0x12B)
[1112/162428.989:WARNING:pe_image_reader.cc(340)] could not read dos header from C:\WINDOWS\SYSTEM32\DWrite.dll
[1112/162428.989:ERROR:process_memory_win.cc(73)] ReadMemory at 0x7ffa5dd40000 of 64 bytes failed: Only part of a ReadProcessMemory or WriteProcessMemory request was completed. (0x12B)
[1112/162428.989:WARNING:pe_image_reader.cc(340)] could not read dos header from C:\WINDOWS\SYSTEM32\WINSPOOL.DRV
[1112/162428.989:ERROR:process_memory_win.cc(73)] ReadMemory at 0x7ffa731c0000 of 64 bytes failed: Only part of a ReadProcessMemory or WriteProcessMemory request was completed. (0x12B)
[1112/162428.989:WARNING:pe_image_reader.cc(340)] could not read dos header from C:\WINDOWS\System32\kernel.appcore.dll
[1112/162428.990:ERROR:process_memory_win.cc(73)] ReadMemory at 0x7ffa74300000 of 64 bytes failed: Only part of a ReadProcessMemory or WriteProcessMemory request was completed. (0x12B)
[1112/162428.990:WARNING:pe_image_reader.cc(340)] could not read dos header from C:\WINDOWS\System32\bcrypt.dll
[1112/162428.990:ERROR:process_memory_win.cc(73)] ReadMemory at 0x7ffa6ccd0000 of 64 bytes failed: Only part of a ReadProcessMemory or WriteProcessMemory request was completed. (0x12B)
[1112/162428.990:WARNING:pe_image_reader.cc(340)] could not read dos header from C:\WINDOWS\SYSTEM32\WINHTTP.dll
[1112/162428.990:ERROR:process_memory_win.cc(73)] ReadMemory at 0x7ffa64f50000 of 64 bytes failed: Only part of a ReadProcessMemory or WriteProcessMemory request was completed. (0x12B)
[1112/162428.990:WARNING:pe_image_reader.cc(340)] could not read dos header from C:\WINDOWS\SYSTEM32\dhcpcsvc.DLL
[1112/162428.990:ERROR:process_memory_win.cc(73)] ReadMemory at 0x7ffa74df0000 of 64 bytes failed: Only part of a ReadProcessMemory or WriteProcessMemory request was completed. (0x12B)
[1112/162428.990:WARNING:pe_image_reader.cc(340)] could not read dos header from C:\WINDOWS\System32\NSI.dll
[1112/162428.990:ERROR:process_memory_win.cc(73)] ReadMemory at 0x7ffa70110000 of 64 bytes failed: Only part of a ReadProcessMemory or WriteProcessMemory request was completed. (0x12B)
[1112/162428.990:WARNING:pe_image_reader.cc(340)] could not read dos header from C:\WINDOWS\SYSTEM32\WINMMBASE.dll
[1112/162428.991:ERROR:process_memory_win.cc(73)] ReadMemory at 0x7ffa74030000 of 64 bytes failed: Only part of a ReadProcessMemory or WriteProcessMemory request was completed. (0x12B)
[1112/162428.991:WARNING:pe_image_reader.cc(340)] could not read dos header from C:\WINDOWS\System32\cfgmgr32.dll
[1112/162428.991:ERROR:process_memory_win.cc(73)] ReadMemory at 0x7ffa6fdb0000 of 64 bytes failed: Only part of a ReadProcessMemory or WriteProcessMemory request was completed. (0x12B)
[1112/162428.997:WARNING:pe_image_reader.cc(340)] could not read dos header from C:\WINDOWS\SYSTEM32\PROPSYS.dll
[1112/162428.999:ERROR:process_memory_win.cc(73)] ReadMemory at 0x7ffa75790000 of 64 bytes failed: Only part of a ReadProcessMemory or WriteProcessMemory request was completed. (0x12B)
[1112/162428.999:WARNING:pe_image_reader.cc(340)] could not read dos header from C:\WINDOWS\System32\shcore.dll
[1112/162428.999:ERROR:process_memory_win.cc(73)] ReadMemory at 0x7ffa73020000 of 64 bytes failed: Only part of a ReadProcessMemory or WriteProcessMemory request was completed. (0x12B)
[1112/162428.999:WARNING:pe_image_reader.cc(340)] could not read dos header from C:\WINDOWS\SYSTEM32\SSPICLI.DLL
[1112/162428.999:ERROR:process_memory_win.cc(73)] ReadMemory at 0x7ffa75580000 of 64 bytes failed: Only part of a ReadProcessMemory or WriteProcessMemory request was completed. (0x12B)
[1112/162428.999:WARNING:pe_image_reader.cc(340)] could not read dos header from C:\WINDOWS\System32\ole32.dll
[1112/162428.999:ERROR:process_memory_win.cc(73)] ReadMemory at 0x7ffa75840000 of 64 bytes failed: Only part of a ReadProcessMemory or WriteProcessMemory request was completed. (0x12B)
[1112/162428.999:WARNING:pe_image_reader.cc(340)] could not read dos header from C:\WINDOWS\System32\GDI32.dll
[1112/162428.999:ERROR:process_memory_win.cc(73)] ReadMemory at 0x7ffa740e0000 of 64 bytes failed: Only part of a ReadProcessMemory or WriteProcessMemory request was completed. (0x12B)
[1112/162429.000:WARNING:pe_image_reader.cc(340)] could not read dos header from C:\WINDOWS\System32\win32u.dll
[1112/162429.000:ERROR:process_memory_win.cc(73)] ReadMemory at 0x7ffa73e70000 of 64 bytes failed: Only part of a ReadProcessMemory or WriteProcessMemory request was completed. (0x12B)
[1112/162429.000:WARNING:pe_image_reader.cc(340)] could not read dos header from C:\WINDOWS\System32\gdi32full.dll
[1112/162429.000:ERROR:process_memory_win.cc(73)] ReadMemory at 0x7ffa74f40000 of 64 bytes failed: Only part of a ReadProcessMemory or WriteProcessMemory request was completed. (0x12B)
[1112/162429.000:WARNING:pe_image_reader.cc(340)] could not read dos header from C:\WINDOWS\System32\USER32.dll
[1112/162429.000:ERROR:process_memory_win.cc(73)] ReadMemory at 0x7ffa759b0000 of 64 bytes failed: Only part of a ReadProcessMemory or WriteProcessMemory request was completed. (0x12B)
[1112/162429.000:WARNING:pe_image_reader.cc(340)] could not read dos header from C:\WINDOWS\System32\IMM32.DLL
[1112/162429.000:ERROR:process_memory_win.cc(73)] ReadMemory at 0x7ffa72b00000 of 64 bytes failed: Only part of a ReadProcessMemory or WriteProcessMemory request was completed. (0x12B)
[1112/162429.000:WARNING:pe_image_reader.cc(340)] could not read dos header from C:\WINDOWS\SYSTEM32\CRYPTBASE.DLL
[1112/162429.000:ERROR:process_memory_win.cc(73)] ReadMemory at 0x7ff70ad70000 of 64 bytes failed: Only part of a ReadProcessMemory or WriteProcessMemory request was completed. (0x12B)
[1112/162429.001:WARNING:pe_image_reader.cc(340)] could not read dos header from C:\Program Files (x86)\Google\Chrome\Application\chrome.exe
[1112/162429.001:ERROR:process_memory_win.cc(73)] ReadMemory at 0x7ffa761a0000 of 64 bytes failed: Only part of a ReadProcessMemory or WriteProcessMemory request was completed. (0x12B)
[1112/162429.001:WARNING:pe_image_reader.cc(340)] could not read dos header from C:\WINDOWS\SYSTEM32\ntdll.dll
[1112/162429.001:ERROR:process_memory_win.cc(73)] ReadMemory at 0x7ffa74e60000 of 64 bytes failed: Only part of a ReadProcessMemory or WriteProcessMemory request was completed. (0x12B)
[1112/162429.001:WARNING:pe_image_reader.cc(340)] could not read dos header from C:\WINDOWS\System32\KERNEL32.dll
[1112/162429.001:ERROR:process_memory_win.cc(73)] ReadMemory at 0x7ffa73a10000 of 64 bytes failed: Only part of a ReadProcessMemory or WriteProcessMemory request was completed. (0x12B)
[1112/162429.001:WARNING:pe_image_reader.cc(340)] could not read dos header from C:\WINDOWS\System32\KERNELBASE.dll
[1112/162429.001:ERROR:process_memory_win.cc(73)] ReadMemory at 0x7ffa3d290000 of 64 bytes failed: Only part of a ReadProcessMemory or WriteProcessMemory request was completed. (0x12B)
[1112/162429.002:WARNING:pe_image_reader.cc(340)] could not read dos header from C:\Program Files (x86)\Google\Chrome\Application\86.0.4240.193\chrome_elf.dll
[1112/162429.002:ERROR:process_memory_win.cc(73)] ReadMemory at 0x7ffa647c0000 of 64 bytes failed: Only part of a ReadProcessMemory or WriteProcessMemory request was completed. (0x12B)
[1112/162429.002:WARNING:pe_image_reader.cc(340)] could not read dos header from C:\WINDOWS\SYSTEM32\VERSION.dll
[1112/162429.002:ERROR:process_memory_win.cc(73)] ReadMemory at 0x7ffa74b60000 of 64 bytes failed: Only part of a ReadProcessMemory or WriteProcessMemory request was completed. (0x12B)
[1112/162429.002:WARNING:pe_image_reader.cc(340)] could not read dos header from C:\WINDOWS\System32\msvcrt.dll
[1112/162429.002:ERROR:process_memory_win.cc(73)] ReadMemory at 0x7ffa73210000 of 64 bytes failed: Only part of a ReadProcessMemory or WriteProcessMemory request was completed. (0x12B)
[1112/162429.002:WARNING:pe_image_reader.cc(340)] could not read dos header from C:\WINDOWS\System32\bcryptPrimitives.dll
[1112/162429.002:ERROR:process_memory_win.cc(73)] ReadMemory at 0x7ffa75420000 of 64 bytes failed: Only part of a ReadProcessMemory or WriteProcessMemory request was completed. (0x12B)
[1112/162429.002:WARNING:pe_image_reader.cc(340)] could not read dos header from C:\WINDOWS\System32\ADVAPI32.dll
[1112/162429.002:ERROR:process_memory_win.cc(73)] ReadMemory at 0x7ffa754e0000 of 64 bytes failed: Only part of a ReadProcessMemory or WriteProcessMemory request was completed. (0x12B)
[1112/162429.003:WARNING:pe_image_reader.cc(340)] could not read dos header from C:\WINDOWS\System32\sechost.dll
[1112/162429.003:ERROR:process_memory_win.cc(73)] ReadMemory at 0x7ffa74cd0000 of 64 bytes failed: Only part of a ReadProcessMemory or WriteProcessMemory request was completed. (0x12B)
[1112/162429.003:WARNING:pe_image_reader.cc(340)] could not read dos header from C:\WINDOWS\System32\RPCRT4.dll
[1112/162429.003:ERROR:process_memory_win.cc(73)] ReadMemory at 0x7ffa1ddc0000 of 64 bytes failed: Only part of a ReadProcessMemory or WriteProcessMemory request was completed. (0x12B)
[1112/162429.005:WARNING:pe_image_reader.cc(340)] could not read dos header from C:\Program Files (x86)\Google\Chrome\Application\86.0.4240.193\chrome.dll
[1112/162429.006:ERROR:process_memory_win.cc(73)] ReadMemory at 0x7ffa74af0000 of 64 bytes failed: Only part of a ReadProcessMemory or WriteProcessMemory request was completed. (0x12B)
[1112/162429.006:WARNING:pe_image_reader.cc(340)] could not read dos header from C:\WINDOWS\System32\WS2_32.dll
[1112/162429.006:ERROR:process_memory_win.cc(73)] ReadMemory at 0x7ffa74400000 of 64 bytes failed: Only part of a ReadProcessMemory or WriteProcessMemory request was completed. (0x12B)
[1112/162429.006:WARNING:pe_image_reader.cc(340)] could not read dos header from C:\WINDOWS\System32\OLEAUT32.dll
[1112/162429.006:ERROR:process_memory_win.cc(73)] ReadMemory at 0x7ffa74260000 of 64 bytes failed: Only part of a ReadProcessMemory or WriteProcessMemory request was completed. (0x12B)
[1112/162429.006:WARNING:pe_image_reader.cc(340)] could not read dos header from C:\WINDOWS\System32\msvcp_win.dll
[1112/162429.006:ERROR:process_memory_win.cc(73)] ReadMemory at 0x7ffa73cc0000 of 64 bytes failed: Only part of a ReadProcessMemory or WriteProcessMemory request was completed. (0x12B)
[1112/162429.006:WARNING:pe_image_reader.cc(340)] could not read dos header from C:\WINDOWS\System32\ucrtbase.dll
[1112/162429.007:ERROR:process_memory_win.cc(73)] ReadMemory at 0x7ffa750e0000 of 64 bytes failed: Only part of a ReadProcessMemory or WriteProcessMemory request was completed. (0x12B)
[1112/162429.007:WARNING:pe_image_reader.cc(340)] could not read dos header from C:\WINDOWS\System32\combase.dll
[1112/162429.007:ERROR:process_memory_win.cc(73)] ReadMemory at 0x7ffa74080000 of 64 bytes failed: Only part of a ReadProcessMemory or WriteProcessMemory request was completed. (0x12B)
[1112/162429.007:WARNING:pe_image_reader.cc(340)] could not read dos header from C:\WINDOWS\System32\WINTRUST.dll
[1112/162429.007:ERROR:process_memory_win.cc(73)] ReadMemory at 0x7ffa731a0000 of 64 bytes failed: Only part of a ReadProcessMemory or WriteProcessMemory request was completed. (0x12B)
[1112/162429.007:WARNING:pe_image_reader.cc(340)] could not read dos header from C:\WINDOWS\System32\MSASN1.dll
[1112/162429.007:ERROR:process_memory_win.cc(73)] ReadMemory at 0x7ffa74110000 of 64 bytes failed: Only part of a ReadProcessMemory or WriteProcessMemory request was completed. (0x12B)
[1112/162429.007:WARNING:pe_image_reader.cc(340)] could not read dos header from C:\WINDOWS\System32\CRYPT32.dll
[1112/162429.007:ERROR:process_memory_win.cc(73)] ReadMemory at 0x7ffa71cd0000 of 64 bytes failed: Only part of a ReadProcessMemory or WriteProcessMemory request was completed. (0x12B)
[1112/162429.007:WARNING:pe_image_reader.cc(340)] could not read dos header from C:\WINDOWS\SYSTEM32\dbghelp.dll
[1112/162429.008:ERROR:process_memory_win.cc(73)] ReadMemory at 0x7ffa72640000 of 64 bytes failed: Only part of a ReadProcessMemory or WriteProcessMemory request was completed. (0x12B)
[1112/162429.008:WARNING:pe_image_reader.cc(340)] could not read dos header from C:\WINDOWS\SYSTEM32\IPHLPAPI.DLL
[1112/162429.008:ERROR:process_memory_win.cc(73)] ReadMemory at 0x7ffa70090000 of 64 bytes failed: Only part of a ReadProcessMemory or WriteProcessMemory request was completed. (0x12B)
[1112/162429.008:WARNING:pe_image_reader.cc(340)] could not read dos header from C:\WINDOWS\SYSTEM32\WINMM.dll
[1112/162429.008:ERROR:process_memory_win.cc(73)] ReadMemory at 0x7ffa5a2c0000 of 64 bytes failed: Only part of a ReadProcessMemory or WriteProcessMemory request was completed. (0x12B)
[1112/162429.008:WARNING:pe_image_reader.cc(340)] could not read dos header from C:\WINDOWS\SYSTEM32\UIAutomationCore.DLL
[1112/162429.009:ERROR:process_memory_win.cc(73)] ReadMemory at 0x7ffa61cd0000 of 64 bytes failed: Only part of a ReadProcessMemory or WriteProcessMemory request was completed. (0x12B)
[1112/162429.009:WARNING:pe_image_reader.cc(340)] could not read dos header from C:\WINDOWS\SYSTEM32\Secur32.dll
[1112/162429.009:ERROR:process_memory_win.cc(73)] ReadMemory at 0x7ffa73060000 of 64 bytes failed: Only part of a ReadProcessMemory or WriteProcessMemory request was completed. (0x12B)
[1112/162429.009:WARNING:pe_image_reader.cc(340)] could not read dos header from C:\WINDOWS\SYSTEM32\USERENV.dll
[1112/162429.009:ERROR:process_memory_win.cc(73)] ReadMemory at 0x7ffa731e0000 of 64 bytes failed: Only part of a ReadProcessMemory or WriteProcessMemory request was completed. (0x12B)
[1112/162429.009:WARNING:pe_image_reader.cc(340)] could not read dos header from C:\WINDOWS\System32\profapi.dll
[1112/162429.009:ERROR:process_memory_win.cc(73)] ReadMemory at 0x7ffa6a3b0000 of 64 bytes failed: Only part of a ReadProcessMemory or WriteProcessMemory request was completed. (0x12B)
[1112/162429.009:WARNING:pe_image_reader.cc(340)] could not read dos header from C:\WINDOWS\SYSTEM32\DWrite.dll
[1112/162429.009:ERROR:process_memory_win.cc(73)] ReadMemory at 0x7ffa5dd40000 of 64 bytes failed: Only part of a ReadProcessMemory or WriteProcessMemory request was completed. (0x12B)
[1112/162429.009:WARNING:pe_image_reader.cc(340)] could not read dos header from C:\WINDOWS\SYSTEM32\WINSPOOL.DRV
[1112/162429.010:ERROR:process_memory_win.cc(73)] ReadMemory at 0x7ffa731c0000 of 64 bytes failed: Only part of a ReadProcessMemory or WriteProcessMemory request was completed. (0x12B)
[1112/162429.010:WARNING:pe_image_reader.cc(340)] could not read dos header from C:\WINDOWS\System32\kernel.appcore.dll
[1112/162429.010:ERROR:process_memory_win.cc(73)] ReadMemory at 0x7ffa74300000 of 64 bytes failed: Only part of a ReadProcessMemory or WriteProcessMemory request was completed. (0x12B)
[1112/162429.010:WARNING:pe_image_reader.cc(340)] could not read dos header from C:\WINDOWS\System32\bcrypt.dll
[1112/162429.010:ERROR:process_memory_win.cc(73)] ReadMemory at 0x7ffa6ccd0000 of 64 bytes failed: Only part of a ReadProcessMemory or WriteProcessMemory request was completed. (0x12B)
[1112/162429.010:WARNING:pe_image_reader.cc(340)] could not read dos header from C:\WINDOWS\SYSTEM32\WINHTTP.dll
[1112/162429.010:ERROR:process_memory_win.cc(73)] ReadMemory at 0x7ffa64f50000 of 64 bytes failed: Only part of a ReadProcessMemory or WriteProcessMemory request was completed. (0x12B)
[1112/162429.010:WARNING:pe_image_reader.cc(340)] could not read dos header from C:\WINDOWS\SYSTEM32\dhcpcsvc.DLL
[1112/162429.010:ERROR:process_memory_win.cc(73)] ReadMemory at 0x7ffa74df0000 of 64 bytes failed: Only part of a ReadProcessMemory or WriteProcessMemory request was completed. (0x12B)
[1112/162429.011:WARNING:pe_image_reader.cc(340)] could not read dos header from C:\WINDOWS\System32\NSI.dll
[1112/162429.011:ERROR:process_memory_win.cc(73)] ReadMemory at 0x7ffa70110000 of 64 bytes failed: Only part of a ReadProcessMemory or WriteProcessMemory request was completed. (0x12B)
[1112/162429.011:WARNING:pe_image_reader.cc(340)] could not read dos header from C:\WINDOWS\SYSTEM32\WINMMBASE.dll
[1112/162429.011:ERROR:process_memory_win.cc(73)] ReadMemory at 0x7ffa74030000 of 64 bytes failed: Only part of a ReadProcessMemory or WriteProcessMemory request was completed. (0x12B)
[1112/162429.011:WARNING:pe_image_reader.cc(340)] could not read dos header from C:\WINDOWS\System32\cfgmgr32.dll
[1112/162429.011:ERROR:process_memory_win.cc(73)] ReadMemory at 0x7ffa6fdb0000 of 64 bytes failed: Only part of a ReadProcessMemory or WriteProcessMemory request was completed. (0x12B)
[1112/162429.011:WARNING:pe_image_reader.cc(340)] could not read dos header from C:\WINDOWS\SYSTEM32\PROPSYS.dll
[1112/162429.011:ERROR:process_memory_win.cc(73)] ReadMemory at 0x7ffa75790000 of 64 bytes failed: Only part of a ReadProcessMemory or WriteProcessMemory request was completed. (0x12B)
[1112/162429.011:WARNING:pe_image_reader.cc(340)] could not read dos header from C:\WINDOWS\System32\shcore.dll
[1112/162429.011:ERROR:process_memory_win.cc(73)] ReadMemory at 0x7ffa73020000 of 64 bytes failed: Only part of a ReadProcessMemory or WriteProcessMemory request was completed. (0x12B)
[1112/162429.011:WARNING:pe_image_reader.cc(340)] could not read dos header from C:\WINDOWS\SYSTEM32\SSPICLI.DLL
[1112/162429.012:ERROR:process_memory_win.cc(73)] ReadMemory at 0x7ffa75580000 of 64 bytes failed: Only part of a ReadProcessMemory or WriteProcessMemory request was completed. (0x12B)
[1112/162429.012:WARNING:pe_image_reader.cc(340)] could not read dos header from C:\WINDOWS\System32\ole32.dll
[1112/162429.012:ERROR:process_memory_win.cc(73)] ReadMemory at 0x7ffa75840000 of 64 bytes failed: Only part of a ReadProcessMemory or WriteProcessMemory request was completed. (0x12B)
[1112/162429.012:WARNING:pe_image_reader.cc(340)] could not read dos header from C:\WINDOWS\System32\GDI32.dll
[1112/162429.012:ERROR:process_memory_win.cc(73)] ReadMemory at 0x7ffa740e0000 of 64 bytes failed: Only part of a ReadProcessMemory or WriteProcessMemory request was completed. (0x12B)
[1112/162429.012:WARNING:pe_image_reader.cc(340)] could not read dos header from C:\WINDOWS\System32\win32u.dll
[1112/162429.012:ERROR:process_memory_win.cc(73)] ReadMemory at 0x7ffa73e70000 of 64 bytes failed: Only part of a ReadProcessMemory or WriteProcessMemory request was completed. (0x12B)
[1112/162429.012:WARNING:pe_image_reader.cc(340)] could not read dos header from C:\WINDOWS\System32\gdi32full.dll
[1112/162429.012:ERROR:process_memory_win.cc(73)] ReadMemory at 0x7ffa74f40000 of 64 bytes failed: Only part of a ReadProcessMemory or WriteProcessMemory request was completed. (0x12B)
[1112/162429.012:WARNING:pe_image_reader.cc(340)] could not read dos header from C:\WINDOWS\System32\USER32.dll
[1112/162429.013:ERROR:process_memory_win.cc(73)] ReadMemory at 0x7ffa759b0000 of 64 bytes failed: Only part of a ReadProcessMemory or WriteProcessMemory request was completed. (0x12B)
[1112/162429.013:WARNING:pe_image_reader.cc(340)] could not read dos header from C:\WINDOWS\System32\IMM32.DLL
[1112/162429.013:ERROR:process_memory_win.cc(73)] ReadMemory at 0x7ffa72b00000 of 64 bytes failed: Only part of a ReadProcessMemory or WriteProcessMemory request was completed. (0x12B)
[1112/162429.013:WARNING:pe_image_reader.cc(340)] could not read dos header from C:\WINDOWS\SYSTEM32\CRYPTBASE.DLL
[1112/162429.418:ERROR:process_memory_win.cc(73)] ReadMemory at 0x99471e3000 of 118784 bytes failed: Only part of a ReadProcessMemory or WriteProcessMemory request was completed. (0x12B)
[1112/162429.419:ERROR:process_memory_win.cc(73)] ReadMemory at 0x99479fe000 of 8192 bytes failed: Only part of a ReadProcessMemory or WriteProcessMemory request was completed. (0x12B)
[1112/162429.419:ERROR:process_memory_win.cc(73)] ReadMemory at 0x99481f0000 of 65536 bytes failed: Only part of a ReadProcessMemory or WriteProcessMemory request was completed. (0x12B)
[1112/162429.423:ERROR:process_memory_win.cc(73)] ReadMemory at 0x99489fe000 of 8192 bytes failed: Only part of a ReadProcessMemory or WriteProcessMemory request was completed. (0x12B)
[1112/162429.423:ERROR:process_memory_win.cc(73)] ReadMemory at 0x99491f1000 of 61440 bytes failed: Only part of a ReadProcessMemory or WriteProcessMemory request was completed. (0x12B)
[1112/162429.423:ERROR:process_memory_win.cc(73)] ReadMemory at 0x99499fd000 of 12288 bytes failed: Only part of a ReadProcessMemory or WriteProcessMemory request was completed. (0x12B)
[1112/162429.424:ERROR:process_memory_win.cc(73)] ReadMemory at 0x994a1ff000 of 4096 bytes failed: Only part of a ReadProcessMemory or WriteProcessMemory request was completed. (0x12B)
[1112/162429.424:ERROR:process_memory_win.cc(73)] ReadMemory at 0x994a9fe000 of 8192 bytes failed: Only part of a ReadProcessMemory or WriteProcessMemory request was completed. (0x12B)
[1112/162429.424:ERROR:process_memory_win.cc(73)] ReadMemory at 0x994b1fd000 of 12288 bytes failed: Only part of a ReadProcessMemory or WriteProcessMemory request was completed. (0x12B)
[1112/162429.424:ERROR:process_memory_win.cc(73)] ReadMemory at 0x994b9fd000 of 12288 bytes failed: Only part of a ReadProcessMemory or WriteProcessMemory request was completed. (0x12B)
[1112/162429.425:ERROR:process_memory_win.cc(73)] ReadMemory at 0x994c1fc000 of 16384 bytes failed: Only part of a ReadProcessMemory or WriteProcessMemory request was completed. (0x12B)
[1112/162429.425:ERROR:process_memory_win.cc(73)] ReadMemory at 0x994c9fe000 of 8192 bytes failed: Only part of a ReadProcessMemory or WriteProcessMemory request was completed. (0x12B)
[1112/162429.425:ERROR:process_memory_win.cc(73)] ReadMemory at 0x994d9f1000 of 61440 bytes failed: Only part of a ReadProcessMemory or WriteProcessMemory request was completed. (0x12B)
[1112/162429.425:ERROR:process_memory_win.cc(73)] ReadMemory at 0x994e1fa000 of 24576 bytes failed: Only part of a ReadProcessMemory or WriteProcessMemory request was completed. (0x12B)
[1112/162429.426:ERROR:process_memory_win.cc(73)] ReadMemory at 0x994d1f9000 of 28672 bytes failed: Only part of a ReadProcessMemory or WriteProcessMemory request was completed. (0x12B)
[1112/162429.426:ERROR:process_memory_win.cc(73)] ReadMemory at 0x994e9fa000 of 24576 bytes failed: Only part of a ReadProcessMemory or WriteProcessMemory request was completed. (0x12B)
[1112/162429.426:ERROR:process_memory_win.cc(73)] ReadMemory at 0x994f1fa000 of 24576 bytes failed: Only part of a ReadProcessMemory or WriteProcessMemory request was completed. (0x12B)
[1112/162429.426:ERROR:process_memory_win.cc(73)] ReadMemory at 0x994f9fe000 of 8192 bytes failed: Only part of a ReadProcessMemory or WriteProcessMemory request was completed. (0x12B)
[1112/162429.427:ERROR:process_memory_win.cc(73)] ReadMemory at 0x99501fe000 of 8192 bytes failed: Only part of a ReadProcessMemory or WriteProcessMemory request was completed. (0x12B)
[1112/162429.427:ERROR:process_memory_win.cc(73)] ReadMemory at 0x994678e000 of 8192 bytes failed: Only part of a ReadProcessMemory or WriteProcessMemory request was completed. (0x12B)
[1112/162429.427:ERROR:process_memory_win.cc(73)] ReadMemory at 0x9950afe000 of 8192 bytes failed: Only part of a ReadProcessMemory or WriteProcessMemory request was completed. (0x12B)
[1112/162429.427:ERROR:process_memory_win.cc(73)] ReadMemory at 0x99512f2000 of 57344 bytes failed: Only part of a ReadProcessMemory or WriteProcessMemory request was completed. (0x12B)
[1112/162429.428:ERROR:process_memory_win.cc(73)] ReadMemory at 0x99522fe000 of 8192 bytes failed: Only part of a ReadProcessMemory or WriteProcessMemory request was completed. (0x12B)
[1112/162429.428:ERROR:process_memory_win.cc(73)] ReadMemory at 0x99509f0000 of 65536 bytes failed: Only part of a ReadProcessMemory or WriteProcessMemory request was completed. (0x12B)
[1112/162429.428:ERROR:process_memory_win.cc(73)] ReadMemory at 0x9951aff000 of 4096 bytes failed: Only part of a ReadProcessMemory or WriteProcessMemory request was completed. (0x12B)
[1112/162429.429:ERROR:process_memory_win.cc(73)] ReadMemory at 0x9952afc000 of 16384 bytes failed: Only part of a ReadProcessMemory or WriteProcessMemory request was completed. (0x12B)
[1112/162429.429:ERROR:process_memory_win.cc(73)] ReadMemory at 0x99532f0000 of 65536 bytes failed: Only part of a ReadProcessMemory or WriteProcessMemory request was completed. (0x12B)
[1112/162429.429:ERROR:process_memory_win.cc(73)] ReadMemory at 0x9953aff000 of 4096 bytes failed: Only part of a ReadProcessMemory or WriteProcessMemory request was completed. (0x12B)
[1112/162429.496:ERROR:process_memory_win.cc(73)] ReadMemory at 0x99468f5000 of 852 bytes failed: Only part of a ReadProcessMemory or WriteProcessMemory request was completed. (0x12B)
[1112/162429.496:ERROR:process_memory_win.cc(73)] ReadMemory at 0x99468f6000 of 6024 bytes failed: Only part of a ReadProcessMemory or WriteProcessMemory request was completed. (0x12B)
[1112/162429.496:ERROR:process_memory_win.cc(73)] ReadMemory at 0x99468f8000 of 6024 bytes failed: Only part of a ReadProcessMemory or WriteProcessMemory request was completed. (0x12B)
[1112/162429.499:ERROR:process_memory_win.cc(73)] ReadMemory at 0x99468fa000 of 6024 bytes failed: Only part of a ReadProcessMemory or WriteProcessMemory request was completed. (0x12B)
[1112/162429.499:ERROR:process_memory_win.cc(73)] ReadMemory at 0x99468fc000 of 6024 bytes failed: Only part of a ReadProcessMemory or WriteProcessMemory request was completed. (0x12B)
[1112/162429.500:ERROR:process_memory_win.cc(73)] ReadMemory at 0x99468fe000 of 6024 bytes failed: Only part of a ReadProcessMemory or WriteProcessMemory request was completed. (0x12B)
[1112/162429.500:ERROR:process_memory_win.cc(73)] ReadMemory at 0x9946900000 of 6024 bytes failed: Only part of a ReadProcessMemory or WriteProcessMemory request was completed. (0x12B)
[1112/162429.500:ERROR:process_memory_win.cc(73)] ReadMemory at 0x9946902000 of 6024 bytes failed: Only part of a ReadProcessMemory or WriteProcessMemory request was completed. (0x12B)
[1112/162429.500:ERROR:process_memory_win.cc(73)] ReadMemory at 0x9946904000 of 6024 bytes failed: Only part of a ReadProcessMemory or WriteProcessMemory request was completed. (0x12B)
[1112/162429.501:ERROR:process_memory_win.cc(73)] ReadMemory at 0x9946906000 of 6024 bytes failed: Only part of a ReadProcessMemory or WriteProcessMemory request was completed. (0x12B)
[1112/162429.501:ERROR:process_memory_win.cc(73)] ReadMemory at 0x9946908000 of 6024 bytes failed: Only part of a ReadProcessMemory or WriteProcessMemory request was completed. (0x12B)
[1112/162429.501:ERROR:process_memory_win.cc(73)] ReadMemory at 0x994690a000 of 6024 bytes failed: Only part of a ReadProcessMemory or WriteProcessMemory request was completed. (0x12B)
[1112/162429.501:ERROR:process_memory_win.cc(73)] ReadMemory at 0x994690c000 of 6024 bytes failed: Only part of a ReadProcessMemory or WriteProcessMemory request was completed. (0x12B)
[1112/162429.502:ERROR:process_memory_win.cc(73)] ReadMemory at 0x9946910000 of 6024 bytes failed: Only part of a ReadProcessMemory or WriteProcessMemory request was completed. (0x12B)
[1112/162429.502:ERROR:process_memory_win.cc(73)] ReadMemory at 0x9946912000 of 6024 bytes failed: Only part of a ReadProcessMemory or WriteProcessMemory request was completed. (0x12B)
[1112/162429.505:ERROR:process_memory_win.cc(73)] ReadMemory at 0x9946914000 of 6024 bytes failed: Only part of a ReadProcessMemory or WriteProcessMemory request was completed. (0x12B)
[1112/162429.505:ERROR:process_memory_win.cc(73)] ReadMemory at 0x9946916000 of 6024 bytes failed: Only part of a ReadProcessMemory or WriteProcessMemory request was completed. (0x12B)
[1112/162429.505:ERROR:process_memory_win.cc(73)] ReadMemory at 0x9946918000 of 6024 bytes failed: Only part of a ReadProcessMemory or WriteProcessMemory request was completed. (0x12B)
[1112/162429.506:ERROR:process_memory_win.cc(73)] ReadMemory at 0x994691a000 of 6024 bytes failed: Only part of a ReadProcessMemory or WriteProcessMemory request was completed. (0x12B)
[1112/162429.506:ERROR:process_memory_win.cc(73)] ReadMemory at 0x994691c000 of 6024 bytes failed: Only part of a ReadProcessMemory or WriteProcessMemory request was completed. (0x12B)
[1112/162429.506:ERROR:process_memory_win.cc(73)] ReadMemory at 0x9946920000 of 6024 bytes failed: Only part of a ReadProcessMemory or WriteProcessMemory request was completed. (0x12B)
[1112/162429.506:ERROR:process_memory_win.cc(73)] ReadMemory at 0x9946922000 of 6024 bytes failed: Only part of a ReadProcessMemory or WriteProcessMemory request was completed. (0x12B)
[1112/162429.507:ERROR:process_memory_win.cc(73)] ReadMemory at 0x9946924000 of 6024 bytes failed: Only part of a ReadProcessMemory or WriteProcessMemory request was completed. (0x12B)
[1112/162429.507:ERROR:process_memory_win.cc(73)] ReadMemory at 0x994692e000 of 6024 bytes failed: Only part of a ReadProcessMemory or WriteProcessMemory request was completed. (0x12B)
[1112/162429.507:ERROR:process_memory_win.cc(73)] ReadMemory at 0x9946932000 of 6024 bytes failed: Only part of a ReadProcessMemory or WriteProcessMemory request was completed. (0x12B)
[1112/162429.508:ERROR:process_memory_win.cc(73)] ReadMemory at 0x9946934000 of 6024 bytes failed: Only part of a ReadProcessMemory or WriteProcessMemory request was completed. (0x12B)
[1112/162429.508:ERROR:process_memory_win.cc(73)] ReadMemory at 0x9946936000 of 6024 bytes failed: Only part of a ReadProcessMemory or WriteProcessMemory request was completed. (0x12B)
[1112/162429.508:ERROR:process_memory_win.cc(73)] ReadMemory at 0x9946938000 of 6024 bytes failed: Only part of a ReadProcessMemory or WriteProcessMemory request was completed. (0x12B)
[1112/162429.508:ERROR:process_memory_win.cc(73)] ReadMemory at 0x9946940000 of 6024 bytes failed: Only part of a ReadProcessMemory or WriteProcessMemory request was completed. (0x12B)
[1112/162429.509:ERROR:process_memory_win.cc(73)] ReadMemory at 0x1dd816a4670 of 512 bytes failed: Only part of a ReadProcessMemory or WriteProcessMemory request was completed. (0x12B)
[1112/162429.510:ERROR:process_memory_win.cc(73)] ReadMemory at 0x1dd816b56f6 of 684 bytes failed: Only part of a ReadProcessMemory or WriteProcessMemory request was completed. (0x12B)
[1112/162429.510:ERROR:process_memory_win.cc(73)] ReadMemory at 0x1dd81769ff0 of 512 bytes failed: Only part of a ReadProcessMemory or WriteProcessMemory request was completed. (0x12B)
[1112/162429.510:ERROR:process_memory_win.cc(73)] ReadMemory at 0x1dd81a3b5d0 of 512 bytes failed: Only part of a ReadProcessMemory or WriteProcessMemory request was completed. (0x12B)
[1112/162429.510:ERROR:process_memory_win.cc(73)] ReadMemory at 0x1dd81b014f0 of 512 bytes failed: Only part of a ReadProcessMemory or WriteProcessMemory request was completed. (0x12B)
[1112/162429.511:ERROR:process_memory_win.cc(73)] ReadMemory at 0x1dd81e5ea20 of 512 bytes failed: Only part of a ReadProcessMemory or WriteProcessMemory request was completed. (0x12B)
[1112/162429.511:ERROR:process_memory_win.cc(73)] ReadMemory at 0x1dd81e7ad28 of 512 bytes failed: Only part of a ReadProcessMemory or WriteProcessMemory request was completed. (0x12B)
[1112/162429.511:ERROR:process_memory_win.cc(73)] ReadMemory at 0x1dd81e7b3a8 of 512 bytes failed: Only part of a ReadProcessMemory or WriteProcessMemory request was completed. (0x12B)
[1112/162429.512:ERROR:process_memory_win.cc(73)] ReadMemory at 0x1dd81f65440 of 512 bytes failed: Only part of a ReadProcessMemory or WriteProcessMemory request was completed. (0x12B)
[1112/162429.512:ERROR:process_memory_win.cc(73)] ReadMemory at 0x1dd8215d800 of 512 bytes failed: Only part of a ReadProcessMemory or WriteProcessMemory request was completed. (0x12B)
[1112/162429.512:ERROR:process_memory_win.cc(73)] ReadMemory at 0x1dd828ce008 of 512 bytes failed: Only part of a ReadProcessMemory or WriteProcessMemory request was completed. (0x12B)
[1112/162429.512:ERROR:process_memory_win.cc(73)] ReadMemory at 0x1dd82bf7158 of 512 bytes failed: Only part of a ReadProcessMemory or WriteProcessMemory request was completed. (0x12B)
[1112/162429.512:ERROR:process_memory_win.cc(73)] ReadMemory at 0x1dd82dd5678 of 512 bytes failed: Only part of a ReadProcessMemory or WriteProcessMemory request was completed. (0x12B)
[1112/162429.513:ERROR:process_memory_win.cc(73)] ReadMemory at 0x1dd82edd760 of 688 bytes failed: Only part of a ReadProcessMemory or WriteProcessMemory request was completed. (0x12B)
[1112/162429.513:ERROR:process_memory_win.cc(73)] ReadMemory at 0x1dd832e6410 of 512 bytes failed: Only part of a ReadProcessMemory or WriteProcessMemory request was completed. (0x12B)
[1112/162429.513:ERROR:process_memory_win.cc(73)] ReadMemory at 0x1dd83d2f970 of 512 bytes failed: Only part of a ReadProcessMemory or WriteProcessMemory request was completed. (0x12B)
[1112/162429.513:ERROR:process_memory_win.cc(73)] ReadMemory at 0x1dd83da4654 of 512 bytes failed: Only part of a ReadProcessMemory or WriteProcessMemory request was completed. (0x12B)
[1112/162429.514:ERROR:process_memory_win.cc(73)] ReadMemory at 0x1dd840a95b0 of 512 bytes failed: Only part of a ReadProcessMemory or WriteProcessMemory request was completed. (0x12B)
[1112/162429.514:ERROR:process_memory_win.cc(73)] ReadMemory at 0x1ddfa5f5780 of 512 bytes failed: Only part of a ReadProcessMemory or WriteProcessMemory request was completed. (0x12B)
[1112/162429.751:ERROR:process_memory_win.cc(73)] ReadMemory at 0x1ddfa630fe0 of 16608 bytes failed: Only part of a ReadProcessMemory or WriteProcessMemory request was completed. (0x12B)
[1112/162429.752:ERROR:process_memory_win.cc(73)] ReadMemory at 0x1ddfa6350d0 of 1012 bytes failed: Only part of a ReadProcessMemory or WriteProcessMemory request was completed. (0x12B)
[1112/162429.752:ERROR:process_memory_win.cc(73)] ReadMemory at 0x1ddfa635718 of 118 bytes failed: Only part of a ReadProcessMemory or WriteProcessMemory request was completed. (0x12B)
[1112/162429.819:ERROR:process_memory_win.cc(73)] ReadMemory at 0x1ddfa635790 of 632 bytes failed: Only part of a ReadProcessMemory or WriteProcessMemory request was completed. (0x12B)
[1112/162430.008:ERROR:process_memory_win.cc(73)] ReadMemory at 0x1ddfa635a0a of 118 bytes failed: Only part of a ReadProcessMemory or WriteProcessMemory request was completed. (0x12B)
[1112/162430.009:ERROR:process_memory_win.cc(73)] ReadMemory at 0x1ddfa635a82 of 100 bytes failed: Only part of a ReadProcessMemory or WriteProcessMemory request was completed. (0x12B)
[1112/162430.010:ERROR:process_memory_win.cc(73)] ReadMemory at 0x1ddfa635b00 of 58 bytes failed: Only part of a ReadProcessMemory or WriteProcessMemory request was completed. (0x12B)
[1112/162430.011:ERROR:process_memory_win.cc(73)] ReadMemory at 0x1ddfa635c00 of 132 bytes failed: Only part of a ReadProcessMemory or WriteProcessMemory request was completed. (0x12B)
[1112/162430.011:ERROR:process_memory_win.cc(73)] ReadMemory at 0x1ddfa635d90 of 132 bytes failed: Only part of a ReadProcessMemory or WriteProcessMemory request was completed. (0x12B)
[1112/162430.011:ERROR:process_memory_win.cc(73)] ReadMemory at 0x1ddfa635f50 of 126 bytes failed: Only part of a ReadProcessMemory or WriteProcessMemory request was completed. (0x12B)
[1112/162430.011:ERROR:process_memory_win.cc(73)] ReadMemory at 0x1ddfa636360 of 132 bytes failed: Only part of a ReadProcessMemory or WriteProcessMemory request was completed. (0x12B)
[1112/162430.012:ERROR:process_memory_win.cc(73)] ReadMemory at 0x1ddfa6368e0 of 132 bytes failed: Only part of a ReadProcessMemory or WriteProcessMemory request was completed. (0x12B)
[1112/162430.012:ERROR:process_memory_win.cc(73)] ReadMemory at 0x1ddfa636a70 of 64 bytes failed: Only part of a ReadProcessMemory or WriteProcessMemory request was completed. (0x12B)
[1112/162430.012:ERROR:process_memory_win.cc(73)] ReadMemory at 0x1ddfa636ed0 of 132 bytes failed: Only part of a ReadProcessMemory or WriteProcessMemory request was completed. (0x12B)
[1112/162430.012:ERROR:process_memory_win.cc(73)] ReadMemory at 0x1ddfa637060 of 68 bytes failed: Only part of a ReadProcessMemory or WriteProcessMemory request was completed. (0x12B)
[1112/162430.013:ERROR:process_memory_win.cc(73)] ReadMemory at 0x1ddfa63e3d0 of 62 bytes failed: Only part of a ReadProcessMemory or WriteProcessMemory request was completed. (0x12B)
[1112/162430.013:ERROR:process_memory_win.cc(73)] ReadMemory at 0x1ddfa63e470 of 60 bytes failed: Only part of a ReadProcessMemory or WriteProcessMemory request was completed. (0x12B)
[1112/162430.013:ERROR:process_memory_win.cc(73)] ReadMemory at 0x1ddfa63e760 of 132 bytes failed: Only part of a ReadProcessMemory or WriteProcessMemory request was completed. (0x12B)
[1112/162430.013:ERROR:process_memory_win.cc(73)] ReadMemory at 0x1ddfa63e890 of 154 bytes failed: Only part of a ReadProcessMemory or WriteProcessMemory request was completed. (0x12B)
[1112/162430.013:ERROR:process_memory_win.cc(73)] ReadMemory at 0x1ddfa63f4d0 of 132 bytes failed: Only part of a ReadProcessMemory or WriteProcessMemory request was completed. (0x12B)
[1112/162430.014:ERROR:process_memory_win.cc(73)] ReadMemory at 0x1ddfa6479d0 of 62 bytes failed: Only part of a ReadProcessMemory or WriteProcessMemory request was completed. (0x12B)
[1112/162430.014:ERROR:process_memory_win.cc(73)] ReadMemory at 0x1ddfa64fed0 of 80 bytes failed: Only part of a ReadProcessMemory or WriteProcessMemory request was completed. (0x12B)
[1112/162430.014:ERROR:process_memory_win.cc(73)] ReadMemory at 0x1ddfa6520e0 of 132 bytes failed: Only part of a ReadProcessMemory or WriteProcessMemory request was completed. (0x12B)
[1112/162430.014:ERROR:process_memory_win.cc(73)] ReadMemory at 0x1ddfa652480 of 132 bytes failed: Only part of a ReadProcessMemory or WriteProcessMemory request was completed. (0x12B)
[1112/162430.014:ERROR:process_memory_win.cc(73)] ReadMemory at 0x1ddfa6525b0 of 132 bytes failed: Only part of a ReadProcessMemory or WriteProcessMemory request was completed. (0x12B)
[1112/162430.015:ERROR:process_memory_win.cc(73)] ReadMemory at 0x1ddfa652b30 of 132 bytes failed: Only part of a ReadProcessMemory or WriteProcessMemory request was completed. (0x12B)
[1112/162430.015:ERROR:process_memory_win.cc(73)] ReadMemory at 0x1ddfa652c60 of 146 bytes failed: Only part of a ReadProcessMemory or WriteProcessMemory request was completed. (0x12B)
[1112/162430.015:ERROR:process_memory_win.cc(73)] ReadMemory at 0x1ddfa652f50 of 132 bytes failed: Only part of a ReadProcessMemory or WriteProcessMemory request was completed. (0x12B)
[1112/162430.015:ERROR:process_memory_win.cc(73)] ReadMemory at 0x1ddfa653170 of 62 bytes failed: Only part of a ReadProcessMemory or WriteProcessMemory request was completed. (0x12B)
[1112/162430.016:ERROR:process_memory_win.cc(73)] ReadMemory at 0x1ddfa653210 of 60 bytes failed: Only part of a ReadProcessMemory or WriteProcessMemory request was completed. (0x12B)
[1112/162430.016:ERROR:process_memory_win.cc(73)] ReadMemory at 0x1ddfa653260 of 60 bytes failed: Only part of a ReadProcessMemory or WriteProcessMemory request was completed. (0x12B)
[1112/162430.016:ERROR:process_memory_win.cc(73)] ReadMemory at 0x1ddfa6532b0 of 64 bytes failed: Only part of a ReadProcessMemory or WriteProcessMemory request was completed. (0x12B)
[1112/162430.016:ERROR:process_memory_win.cc(73)] ReadMemory at 0x1ddfa653300 of 62 bytes failed: Only part of a ReadProcessMemory or WriteProcessMemory request was completed. (0x12B)
[1112/162430.017:ERROR:process_memory_win.cc(73)] ReadMemory at 0x1ddfa6533f0 of 64 bytes failed: Only part of a ReadProcessMemory or WriteProcessMemory request was completed. (0x12B)
[1112/162430.017:ERROR:process_memory_win.cc(73)] ReadMemory at 0x1ddfa653440 of 62 bytes failed: Only part of a ReadProcessMemory or WriteProcessMemory request was completed. (0x12B)
[1112/162430.017:ERROR:process_memory_win.cc(73)] ReadMemory at 0x1ddfa653530 of 64 bytes failed: Only part of a ReadProcessMemory or WriteProcessMemory request was completed. (0x12B)
[1112/162430.017:ERROR:process_memory_win.cc(73)] ReadMemory at 0x1ddfa653580 of 62 bytes failed: Only part of a ReadProcessMemory or WriteProcessMemory request was completed. (0x12B)
[1112/162430.017:ERROR:process_memory_win.cc(73)] ReadMemory at 0x1ddfa653710 of 64 bytes failed: Only part of a ReadProcessMemory or WriteProcessMemory request was completed. (0x12B)
[1112/162430.018:ERROR:process_memory_win.cc(73)] ReadMemory at 0x1ddfa6537b0 of 62 bytes failed: Only part of a ReadProcessMemory or WriteProcessMemory request was completed. (0x12B)
[1112/162430.018:ERROR:process_memory_win.cc(73)] ReadMemory at 0x1ddfa653850 of 64 bytes failed: Only part of a ReadProcessMemory or WriteProcessMemory request was completed. (0x12B)
[1112/162430.018:ERROR:process_memory_win.cc(73)] ReadMemory at 0x1ddfa653990 of 60 bytes failed: Only part of a ReadProcessMemory or WriteProcessMemory request was completed. (0x12B)
[1112/162430.018:ERROR:process_memory_win.cc(73)] ReadMemory at 0x1ddfa6539e0 of 60 bytes failed: Only part of a ReadProcessMemory or WriteProcessMemory request was completed. (0x12B)
[1112/162430.018:ERROR:process_memory_win.cc(73)] ReadMemory at 0x1ddfa653a30 of 62 bytes failed: Only part of a ReadProcessMemory or WriteProcessMemory request was completed. (0x12B)
[1112/162430.019:ERROR:process_memory_win.cc(73)] ReadMemory at 0x1ddfa653ad0 of 64 bytes failed: Only part of a ReadProcessMemory or WriteProcessMemory request was completed. (0x12B)
[1112/162430.019:ERROR:process_memory_win.cc(73)] ReadMemory at 0x1ddfa653b20 of 64 bytes failed: Only part of a ReadProcessMemory or WriteProcessMemory request was completed. (0x12B)
[1112/162430.019:ERROR:process_memory_win.cc(73)] ReadMemory at 0x1ddfa653bc0 of 62 bytes failed: Only part of a ReadProcessMemory or WriteProcessMemory request was completed. (0x12B)
[1112/162430.020:ERROR:process_memory_win.cc(73)] ReadMemory at 0x1ddfa653c60 of 62 bytes failed: Only part of a ReadProcessMemory or WriteProcessMemory request was completed. (0x12B)
[1112/162430.021:ERROR:process_memory_win.cc(73)] ReadMemory at 0x1ddfa653cb0 of 66 bytes failed: Only part of a ReadProcessMemory or WriteProcessMemory request was completed. (0x12B)
[1112/162430.021:ERROR:process_memory_win.cc(73)] ReadMemory at 0x1ddfa653d50 of 62 bytes failed: Only part of a ReadProcessMemory or WriteProcessMemory request was completed. (0x12B)
[1112/162430.021:ERROR:process_memory_win.cc(73)] ReadMemory at 0x1ddfa653da0 of 60 bytes failed: Only part of a ReadProcessMemory or WriteProcessMemory request was completed. (0x12B)
[1112/162430.031:ERROR:process_memory_win.cc(73)] ReadMemory at 0x1ddfa653df0 of 60 bytes failed: Only part of a ReadProcessMemory or WriteProcessMemory request was completed. (0x12B)
[1112/162430.031:ERROR:process_memory_win.cc(73)] ReadMemory at 0x1ddfa653ee0 of 64 bytes failed: Only part of a ReadProcessMemory or WriteProcessMemory request was completed. (0x12B)
[1112/162430.031:ERROR:process_memory_win.cc(73)] ReadMemory at 0x1ddfa653f30 of 58 bytes failed: Only part of a ReadProcessMemory or WriteProcessMemory request was completed. (0x12B)
[1112/162430.031:ERROR:process_memory_win.cc(73)] ReadMemory at 0x1ddfa653f80 of 66 bytes failed: Only part of a ReadProcessMemory or WriteProcessMemory request was completed. (0x12B)
[1112/162430.032:ERROR:process_memory_win.cc(73)] ReadMemory at 0x1ddfa6549a0 of 132 bytes failed: Only part of a ReadProcessMemory or WriteProcessMemory request was completed. (0x12B)
[1112/162430.032:ERROR:process_memory_win.cc(73)] ReadMemory at 0x1ddfa654bb0 of 132 bytes failed: Only part of a ReadProcessMemory or WriteProcessMemory request was completed. (0x12B)
[1112/162430.032:ERROR:process_memory_win.cc(73)] ReadMemory at 0x1ddfa654ed0 of 132 bytes failed: Only part of a ReadProcessMemory or WriteProcessMemory request was completed. (0x12B)
[1112/162430.032:ERROR:process_memory_win.cc(73)] ReadMemory at 0x1ddfa6550f0 of 132 bytes failed: Only part of a ReadProcessMemory or WriteProcessMemory request was completed. (0x12B)
[1112/162430.033:ERROR:process_memory_win.cc(73)] ReadMemory at 0x1ddfa656dd0 of 54 bytes failed: Only part of a ReadProcessMemory or WriteProcessMemory request was completed. (0x12B)
[1112/162430.033:ERROR:process_memory_win.cc(73)] ReadMemory at 0x1ddfa65d830 of 132 bytes failed: Only part of a ReadProcessMemory or WriteProcessMemory request was completed. (0x12B)
[1112/162430.033:ERROR:process_memory_win.cc(73)] ReadMemory at 0x1ddfa65d960 of 132 bytes failed: Only part of a ReadProcessMemory or WriteProcessMemory request was completed. (0x12B)
[1112/162430.034:ERROR:process_memory_win.cc(73)] ReadMemory at 0x1ddfa65da90 of 132 bytes failed: Only part of a ReadProcessMemory or WriteProcessMemory request was completed. (0x12B)
[1112/162430.034:ERROR:process_memory_win.cc(73)] ReadMemory at 0x1ddfa65dbc0 of 132 bytes failed: Only part of a ReadProcessMemory or WriteProcessMemory request was completed. (0x12B)
[1112/162430.035:ERROR:process_memory_win.cc(73)] ReadMemory at 0x1ddfa65dcf0 of 132 bytes failed: Only part of a ReadProcessMemory or WriteProcessMemory request was completed. (0x12B)
[1112/162430.035:ERROR:process_memory_win.cc(73)] ReadMemory at 0x1ddfa65de20 of 132 bytes failed: Only part of a ReadProcessMemory or WriteProcessMemory request was completed. (0x12B)
[1112/162430.035:ERROR:process_memory_win.cc(73)] ReadMemory at 0x1ddfa65df50 of 132 bytes failed: Only part of a ReadProcessMemory or WriteProcessMemory request was completed. (0x12B)
[1112/162430.035:ERROR:process_memory_win.cc(73)] ReadMemory at 0x1ddfa65e1b0 of 132 bytes failed: Only part of a ReadProcessMemory or WriteProcessMemory request was completed. (0x12B)
[1112/162430.035:ERROR:process_memory_win.cc(73)] ReadMemory at 0x1ddfa65e2e0 of 132 bytes failed: Only part of a ReadProcessMemory or WriteProcessMemory request was completed. (0x12B)
[1112/162430.038:ERROR:process_memory_win.cc(73)] ReadMemory at 0x1ddfa65e410 of 132 bytes failed: Only part of a ReadProcessMemory or WriteProcessMemory request was completed. (0x12B)
[1112/162430.038:ERROR:process_memory_win.cc(73)] ReadMemory at 0x1ddfa65e540 of 132 bytes failed: Only part of a ReadProcessMemory or WriteProcessMemory request was completed. (0x12B)
[1112/162430.039:ERROR:process_memory_win.cc(73)] ReadMemory at 0x1ddfa65e670 of 132 bytes failed: Only part of a ReadProcessMemory or WriteProcessMemory request was completed. (0x12B)
[1112/162430.039:ERROR:process_memory_win.cc(73)] ReadMemory at 0x1ddfa65f4a0 of 80 bytes failed: Only part of a ReadProcessMemory or WriteProcessMemory request was completed. (0x12B)
[1112/162430.039:ERROR:process_memory_win.cc(73)] ReadMemory at 0x1ddfa65f500 of 76 bytes failed: Only part of a ReadProcessMemory or WriteProcessMemory request was completed. (0x12B)
[1112/162430.039:ERROR:process_memory_win.cc(73)] ReadMemory at 0x1ddfa662250 of 132 bytes failed: Only part of a ReadProcessMemory or WriteProcessMemory request was completed. (0x12B)
[1112/162430.039:ERROR:process_memory_win.cc(73)] ReadMemory at 0x1ddfa662380 of 132 bytes failed: Only part of a ReadProcessMemory or WriteProcessMemory request was completed. (0x12B)
[1112/162430.040:ERROR:process_memory_win.cc(73)] ReadMemory at 0x1ddfa6624b0 of 132 bytes failed: Only part of a ReadProcessMemory or WriteProcessMemory request was completed. (0x12B)
[1112/162430.040:ERROR:process_memory_win.cc(73)] ReadMemory at 0x1ddfa6625e0 of 132 bytes failed: Only part of a ReadProcessMemory or WriteProcessMemory request was completed. (0x12B)
[1112/162430.040:ERROR:process_memory_win.cc(73)] ReadMemory at 0x1ddfa662710 of 132 bytes failed: Only part of a ReadProcessMemory or WriteProcessMemory request was completed. (0x12B)
[1112/162430.040:ERROR:process_memory_win.cc(73)] ReadMemory at 0x1ddfa662840 of 132 bytes failed: Only part of a ReadProcessMemory or WriteProcessMemory request was completed. (0x12B)
[1112/162430.041:ERROR:process_memory_win.cc(73)] ReadMemory at 0x1ddfa662970 of 132 bytes failed: Only part of a ReadProcessMemory or WriteProcessMemory request was completed. (0x12B)
[1112/162430.041:ERROR:process_memory_win.cc(73)] ReadMemory at 0x1ddfa662aa0 of 132 bytes failed: Only part of a ReadProcessMemory or WriteProcessMemory request was completed. (0x12B)
[1112/162430.041:ERROR:process_memory_win.cc(73)] ReadMemory at 0x1ddfa662bd0 of 132 bytes failed: Only part of a ReadProcessMemory or WriteProcessMemory request was completed. (0x12B)
[1112/162430.041:ERROR:process_memory_win.cc(73)] ReadMemory at 0x1ddfa662d00 of 132 bytes failed: Only part of a ReadProcessMemory or WriteProcessMemory request was completed. (0x12B)
[1112/162430.041:ERROR:process_memory_win.cc(73)] ReadMemory at 0x1ddfa662e30 of 132 bytes failed: Only part of a ReadProcessMemory or WriteProcessMemory request was completed. (0x12B)
[1112/162430.042:ERROR:process_memory_win.cc(73)] ReadMemory at 0x1ddfa663090 of 132 bytes failed: Only part of a ReadProcessMemory or WriteProcessMemory request was completed. (0x12B)
[1112/162430.049:ERROR:process_memory_win.cc(73)] ReadMemory at 0x1ddfa6632f0 of 132 bytes failed: Only part of a ReadProcessMemory or WriteProcessMemory request was completed. (0x12B)
[1112/162430.051:ERROR:process_memory_win.cc(73)] ReadMemory at 0x1ddfa6637b0 of 132 bytes failed: Only part of a ReadProcessMemory or WriteProcessMemory request was completed. (0x12B)
[1112/162430.056:ERROR:process_memory_win.cc(73)] ReadMemory at 0x1ddfa6638e0 of 132 bytes failed: Only part of a ReadProcessMemory or WriteProcessMemory request was completed. (0x12B)
[1112/162430.056:ERROR:process_memory_win.cc(73)] ReadMemory at 0x1ddfa663a10 of 132 bytes failed: Only part of a ReadProcessMemory or WriteProcessMemory request was completed. (0x12B)
[1112/162430.057:ERROR:process_memory_win.cc(73)] ReadMemory at 0x1ddfa663c70 of 132 bytes failed: Only part of a ReadProcessMemory or WriteProcessMemory request was completed. (0x12B)
[1112/162430.057:ERROR:process_memory_win.cc(73)] ReadMemory at 0x1ddfa683040 of 60 bytes failed: Only part of a ReadProcessMemory or WriteProcessMemory request was completed. (0x12B)
[1112/162430.058:ERROR:process_memory_win.cc(73)] ReadMemory at 0x1ddfa683180 of 60 bytes failed: Only part of a ReadProcessMemory or WriteProcessMemory request was completed. (0x12B)
[1112/162430.058:ERROR:process_memory_win.cc(73)] ReadMemory at 0x1ddfa683270 of 66 bytes failed: Only part of a ReadProcessMemory or WriteProcessMemory request was completed. (0x12B)
[1112/162430.058:ERROR:process_memory_win.cc(73)] ReadMemory at 0x1ddfa6833b0 of 58 bytes failed: Only part of a ReadProcessMemory or WriteProcessMemory request was completed. (0x12B)
[1112/162430.058:ERROR:process_memory_win.cc(73)] ReadMemory at 0x1ddfa683950 of 58 bytes failed: Only part of a ReadProcessMemory or WriteProcessMemory request was completed. (0x12B)
[1112/162430.059:ERROR:process_memory_win.cc(73)] ReadMemory at 0x1ddfa683b30 of 58 bytes failed: Only part of a ReadProcessMemory or WriteProcessMemory request was completed. (0x12B)
[1112/162430.059:ERROR:process_memory_win.cc(73)] ReadMemory at 0x1ddfa6b5370 of 512 bytes failed: Only part of a ReadProcessMemory or WriteProcessMemory request was completed. (0x12B)
[1112/162430.059:ERROR:process_memory_win.cc(73)] ReadMemory at 0x1ddfa6cbae0 of 512 bytes failed: Only part of a ReadProcessMemory or WriteProcessMemory request was completed. (0x12B)
[1112/162430.059:ERROR:process_memory_win.cc(73)] ReadMemory at 0x1ddfa6cbf60 of 512 bytes failed: Only part of a ReadProcessMemory or WriteProcessMemory request was completed. (0x12B)
[1112/162430.059:ERROR:process_memory_win.cc(73)] ReadMemory at 0x1ddfa6d2050 of 512 bytes failed: Only part of a ReadProcessMemory or WriteProcessMemory request was completed. (0x12B)
[1112/162430.060:ERROR:process_memory_win.cc(73)] ReadMemory at 0x1ddfa6d6f48 of 512 bytes failed: Only part of a ReadProcessMemory or WriteProcessMemory request was completed. (0x12B)
[1112/162430.060:ERROR:process_memory_win.cc(73)] ReadMemory at 0x1ddfa6db078 of 656 bytes failed: Only part of a ReadProcessMemory or WriteProcessMemory request was completed. (0x12B)
[1112/162430.060:ERROR:process_memory_win.cc(73)] ReadMemory at 0x1ddfa6e2ea0 of 512 bytes failed: Only part of a ReadProcessMemory or WriteProcessMemory request was completed. (0x12B)
[1112/162430.060:ERROR:process_memory_win.cc(73)] ReadMemory at 0x1ddfa6e7cf0 of 512 bytes failed: Only part of a ReadProcessMemory or WriteProcessMemory request was completed. (0x12B)
[1112/162430.060:ERROR:process_memory_win.cc(73)] ReadMemory at 0x1ddfa6ec820 of 712 bytes failed: Only part of a ReadProcessMemory or WriteProcessMemory request was completed. (0x12B)
[1112/162430.061:ERROR:process_memory_win.cc(73)] ReadMemory at 0x1ddfa6fee70 of 512 bytes failed: Only part of a ReadProcessMemory or WriteProcessMemory request was completed. (0x12B)
[1112/162430.061:ERROR:process_memory_win.cc(73)] ReadMemory at 0x1ddfa713aa0 of 512 bytes failed: Only part of a ReadProcessMemory or WriteProcessMemory request was completed. (0x12B)
[1112/162430.061:ERROR:process_memory_win.cc(73)] ReadMemory at 0xfa2c74d9880 of 512 bytes failed: Only part of a ReadProcessMemory or WriteProcessMemory request was completed. (0x12B)
[1112/162430.061:ERROR:process_memory_win.cc(73)] ReadMemory at 0x295000000000 of 384 bytes failed: Only part of a ReadProcessMemory or WriteProcessMemory request was completed. (0x12B)
[1112/162430.265:ERROR:process_memory_win.cc(73)] ReadMemory at 0x295000003320 of 512 bytes failed: Only part of a ReadProcessMemory or WriteProcessMemory request was completed. (0x12B)
[1112/162430.266:ERROR:process_memory_win.cc(73)] ReadMemory at 0x2950081c3d9d of 512 bytes failed: Only part of a ReadProcessMemory or WriteProcessMemory request was completed. (0x12B)
[1112/162430.266:ERROR:process_memory_win.cc(73)] ReadMemory at 0x2950084594e1 of 512 bytes failed: Only part of a ReadProcessMemory or WriteProcessMemory request was completed. (0x12B)
[1112/162430.268:ERROR:process_memory_win.cc(73)] ReadMemory at 0x29500845bae1 of 512 bytes failed: Only part of a ReadProcessMemory or WriteProcessMemory request was completed. (0x12B)
[1112/162430.269:ERROR:process_memory_win.cc(73)] ReadMemory at 0x29500847c989 of 512 bytes failed: Only part of a ReadProcessMemory or WriteProcessMemory request was completed. (0x12B)
[1112/162430.269:ERROR:process_memory_win.cc(73)] ReadMemory at 0x295008de9f2d of 512 bytes failed: Only part of a ReadProcessMemory or WriteProcessMemory request was completed. (0x12B)
[1112/162430.272:ERROR:process_memory_win.cc(73)] ReadMemory at 0x295008fc92c9 of 512 bytes failed: Only part of a ReadProcessMemory or WriteProcessMemory request was completed. (0x12B)
[1112/162430.272:ERROR:process_memory_win.cc(73)] ReadMemory at 0x295009e1b29d of 512 bytes failed: Only part of a ReadProcessMemory or WriteProcessMemory request was completed. (0x12B)
[1112/162430.272:ERROR:process_memory_win.cc(73)] ReadMemory at 0x475639aa34a0 of 512 bytes failed: Only part of a ReadProcessMemory or WriteProcessMemory request was completed. (0x12B)
[1112/162430.273:ERROR:process_memory_win.cc(73)] ReadMemory at 0x7ffa1de16f30 of 512 bytes failed: Only part of a ReadProcessMemory or WriteProcessMemory request was completed. (0x12B)
[1112/162430.273:ERROR:process_memory_win.cc(73)] ReadMemory at 0x7ffa1de34090 of 512 bytes failed: Only part of a ReadProcessMemory or WriteProcessMemory request was completed. (0x12B)
[1112/162430.273:ERROR:process_memory_win.cc(73)] ReadMemory at 0x7ffa20436620 of 512 bytes failed: Only part of a ReadProcessMemory or WriteProcessMemory request was completed. (0x12B)
[1112/162430.273:ERROR:process_memory_win.cc(73)] ReadMemory at 0x7ffa23840f60 of 512 bytes failed: Only part of a ReadProcessMemory or WriteProcessMemory request was completed. (0x12B)
[1112/162430.273:ERROR:process_memory_win.cc(73)] ReadMemory at 0x7ffa2425be3c of 512 bytes failed: Only part of a ReadProcessMemory or WriteProcessMemory request was completed. (0x12B)
[1112/162430.274:ERROR:process_memory_win.cc(73)] ReadMemory at 0x7ffa2429ebd0 of 512 bytes failed: Only part of a ReadProcessMemory or WriteProcessMemory request was completed. (0x12B)
[1112/162430.274:ERROR:process_memory_win.cc(73)] ReadMemory at 0x7ffa253c8798 of 512 bytes failed: Only part of a ReadProcessMemory or WriteProcessMemory request was completed. (0x12B)
[1112/162430.274:ERROR:process_memory_win.cc(73)] ReadMemory at 0x7ffa25bd0318 of 512 bytes failed: Only part of a ReadProcessMemory or WriteProcessMemory request was completed. (0x12B)
[1112/162430.274:ERROR:process_memory_win.cc(73)] ReadMemory at 0x7ffa25c61692 of 512 bytes failed: Only part of a ReadProcessMemory or WriteProcessMemory request was completed. (0x12B)
[1112/162430.274:ERROR:process_memory_win.cc(73)] ReadMemory at 0x7ffa26a8c1c0 of 592 bytes failed: Only part of a ReadProcessMemory or WriteProcessMemory request was completed. (0x12B)
[1112/162430.275:ERROR:process_memory_win.cc(73)] ReadMemory at 0x7ffa3d2c5810 of 512 bytes failed: Only part of a ReadProcessMemory or WriteProcessMemory request was completed. (0x12B)
[1112/162430.275:ERROR:process_memory_win.cc(73)] ReadMemory at 0x7ffa3d2c5ed7 of 512 bytes failed: Only part of a ReadProcessMemory or WriteProcessMemory request was completed. (0x12B)
[1112/162430.275:ERROR:process_memory_win.cc(73)] ReadMemory at 0x7ffa74e81fd0 of 512 bytes failed: Only part of a ReadProcessMemory or WriteProcessMemory request was completed. (0x12B)
[1112/162430.275:ERROR:process_memory_win.cc(73)] ReadMemory at 0x7ffa74e823e0 of 512 bytes failed: Only part of a ReadProcessMemory or WriteProcessMemory request was completed. (0x12B)
[1112/162430.276:ERROR:process_memory_win.cc(73)] ReadMemory at 0x7ffa7623c0c4 of 672 bytes failed: Only part of a ReadProcessMemory or WriteProcessMemory request was completed. (0x12B)
[1112/162430.276:ERROR:process_memory_win.cc(73)] ReadMemory at 0x7ffa7623c6c4 of 512 bytes failed: Only part of a ReadProcessMemory or WriteProcessMemory request was completed. (0x12B)
[1112/162430.276:ERROR:process_memory_win.cc(73)] ReadMemory at 0x7ffa7623cb94 of 512 bytes failed: Only part of a ReadProcessMemory or WriteProcessMemory request was completed. (0x12B)
[1112/162430.276:ERROR:process_memory_win.cc(73)] ReadMemory at 0x7ffa7623f974 of 608 bytes failed: Only part of a ReadProcessMemory or WriteProcessMemory request was completed. (0x12B)
[1112/162430.277:ERROR:process_memory_win.cc(73)] ReadMemory at 0x7ffa762cc428 of 18 bytes failed: Only part of a ReadProcessMemory or WriteProcessMemory request was completed. (0x12B)
[1112/162430.292:ERROR:process_memory_win.cc(73)] ReadMemory at 0x7ffa762ff4f8 of 40 bytes failed: Only part of a ReadProcessMemory or WriteProcessMemory request was completed. (0x12B)
[1112/162430.294:ERROR:process_memory_win.cc(73)] ReadMemory at 0x7ffa762ff978 of 48 bytes failed: Only part of a ReadProcessMemory or WriteProcessMemory request was completed. (0x12B)
[1112/162430.294:ERROR:process_memory_win.cc(73)] ReadMemory at 0x7ffa763053c0 of 64 bytes failed: Only part of a ReadProcessMemory or WriteProcessMemory request was completed. (0x12B)
[1112/162430.612:ERROR:scoped_process_suspend.cc(40)] NtResumeProcess: An attempt was made to access an exiting process. (0xc000010a)
=======
>>>>>>> e1dc1944820f34c9a764110040a109683bb2c521
[1116/073029.591:ERROR:directory_reader_win.cc(43)] FindFirstFile: The system cannot find the path specified. (0x3)
[1118/105427.382:ERROR:directory_reader_win.cc(43)] FindFirstFile: The system cannot find the path specified. (0x3)
[1118/154926.329:ERROR:directory_reader_win.cc(43)] FindFirstFile: The system cannot find the path specified. (0x3)
[1118/162257.063:ERROR:directory_reader_win.cc(43)] FindFirstFile: The system cannot find the path specified. (0x3)
[1118/180205.613:ERROR:directory_reader_win.cc(43)] FindFirstFile: The system cannot find the path specified. (0x3)
[1118/202029.596:ERROR:directory_reader_win.cc(43)] FindFirstFile: The system cannot find the path specified. (0x3)
